   0  $accept : %entry% $end

   1  main : expr EOF

   2  expr : TRUE
   3       | FALSE
   4       | STR
   5       | INT
   6       | LABS expr
   7       | LVAR
   8       | UOP expr
   9       | BOP expr expr
  10       | BAPP expr expr

  11  %entry% : '\001' main

state 0
	$accept : . %entry% $end  (0)

	'\001'  shift 1
	.  error

	%entry%  goto 2


state 1
	%entry% : '\001' . main  (11)

	STR  shift 3
	LABS  shift 4
	LVAR  shift 5
	UOP  shift 6
	BOP  shift 7
	INT  shift 8
	TRUE  shift 9
	FALSE  shift 10
	BAPP  shift 11
	.  error

	main  goto 12
	expr  goto 13


state 2
	$accept : %entry% . $end  (0)

	$end  accept


state 3
	expr : STR .  (4)

	.  reduce 4


state 4
	expr : LABS . expr  (6)

	STR  shift 3
	LABS  shift 4
	LVAR  shift 5
	UOP  shift 6
	BOP  shift 7
	INT  shift 8
	TRUE  shift 9
	FALSE  shift 10
	BAPP  shift 11
	.  error

	expr  goto 14


state 5
	expr : LVAR .  (7)

	.  reduce 7


state 6
	expr : UOP . expr  (8)

	STR  shift 3
	LABS  shift 4
	LVAR  shift 5
	UOP  shift 6
	BOP  shift 7
	INT  shift 8
	TRUE  shift 9
	FALSE  shift 10
	BAPP  shift 11
	.  error

	expr  goto 15


state 7
	expr : BOP . expr expr  (9)

	STR  shift 3
	LABS  shift 4
	LVAR  shift 5
	UOP  shift 6
	BOP  shift 7
	INT  shift 8
	TRUE  shift 9
	FALSE  shift 10
	BAPP  shift 11
	.  error

	expr  goto 16


state 8
	expr : INT .  (5)

	.  reduce 5


state 9
	expr : TRUE .  (2)

	.  reduce 2


state 10
	expr : FALSE .  (3)

	.  reduce 3


state 11
	expr : BAPP . expr expr  (10)

	STR  shift 3
	LABS  shift 4
	LVAR  shift 5
	UOP  shift 6
	BOP  shift 7
	INT  shift 8
	TRUE  shift 9
	FALSE  shift 10
	BAPP  shift 11
	.  error

	expr  goto 17


state 12
	%entry% : '\001' main .  (11)

	.  reduce 11


state 13
	main : expr . EOF  (1)

	EOF  shift 18
	.  error


state 14
	expr : LABS expr .  (6)

	.  reduce 6


state 15
	expr : UOP expr .  (8)

	.  reduce 8


state 16
	expr : BOP expr . expr  (9)

	STR  shift 3
	LABS  shift 4
	LVAR  shift 5
	UOP  shift 6
	BOP  shift 7
	INT  shift 8
	TRUE  shift 9
	FALSE  shift 10
	BAPP  shift 11
	.  error

	expr  goto 19


state 17
	expr : BAPP expr . expr  (10)

	STR  shift 3
	LABS  shift 4
	LVAR  shift 5
	UOP  shift 6
	BOP  shift 7
	INT  shift 8
	TRUE  shift 9
	FALSE  shift 10
	BAPP  shift 11
	.  error

	expr  goto 20


state 18
	main : expr EOF .  (1)

	.  reduce 1


state 19
	expr : BOP expr expr .  (9)

	.  reduce 9


state 20
	expr : BAPP expr expr .  (10)

	.  reduce 10


13 terminals, 4 nonterminals
12 grammar rules, 21 states
